# JRE version: OpenJDK Runtime Environment (8.0_112-b06) (build 1.8.0_112-release-b06)
# Java VM: OpenJDK 64-Bit Server VM (25.112-b06 mixed mode windows-amd64 compressed oops)
Heap:
 PSYoungGen      total 257536K, used 57761K [0x00000000e0000000, 0x00000000f5c80000, 0x0000000100000000)
  eden space 223232K, 25% used [0x00000000e0000000,0x00000000e3868588,0x00000000eda00000)
  from space 34304K, 0% used [0x00000000efa00000,0x00000000efa00000,0x00000000f1b80000)
  to   space 32768K, 0% used [0x00000000eda00000,0x00000000eda00000,0x00000000efa00000)
 ParOldGen       total 150016K, used 124442K [0x00000000a0000000, 0x00000000a9280000, 0x00000000e0000000)
  object space 150016K, 82% used [0x00000000a0000000,0x00000000a7986a70,0x00000000a9280000)
 Metaspace       used 81588K, capacity 84562K, committed 84884K, reserved 1122304K
  class space    used 10426K, capacity 11131K, committed 11196K, reserved 1048576K
GC Heap History (10 events):
Event: 964.318 GC heap before
{Heap before GC invocations=20 (full 3):
 PSYoungGen      total 255488K, used 252267K [0x00000000e0000000, 0x00000000f2300000, 0x0000000100000000)
  eden space 229376K, 99% used [0x00000000e0000000,0x00000000edfbe1d0,0x00000000ee000000)
  from space 26112K, 88% used [0x00000000f0980000,0x00000000f201cce0,0x00000000f2300000)
  to   space 34304K, 0% used [0x00000000ee000000,0x00000000ee000000,0x00000000f0180000)
 ParOldGen       total 145920K, used 58116K [0x00000000a0000000, 0x00000000a8e80000, 0x00000000e0000000)
  object space 145920K, 39% used [0x00000000a0000000,0x00000000a38c11b0,0x00000000a8e80000)
 Metaspace       used 78039K, capacity 80958K, committed 81300K, reserved 1120256K
  class space    used 10118K, capacity 10817K, committed 10940K, reserved 1048576K
Event: 964.422 GC heap after
Heap after GC invocations=20 (full 3):
 PSYoungGen      total 242688K, used 20639K [0x00000000e0000000, 0x00000000f1b80000, 0x0000000100000000)
  eden space 221696K, 0% used [0x00000000e0000000,0x00000000e0000000,0x00000000ed880000)
  from space 20992K, 98% used [0x00000000ee000000,0x00000000ef427fb8,0x00000000ef480000)
  to   space 34304K, 0% used [0x00000000efa00000,0x00000000efa00000,0x00000000f1b80000)
 ParOldGen       total 145920K, used 58124K [0x00000000a0000000, 0x00000000a8e80000, 0x00000000e0000000)
  object space 145920K, 39% used [0x00000000a0000000,0x00000000a38c31b0,0x00000000a8e80000)
 Metaspace       used 78039K, capacity 80958K, committed 81300K, reserved 1120256K
  class space    used 10118K, capacity 10817K, committed 10940K, reserved 1048576K
}
Event: 964.582 GC heap before
{Heap before GC invocations=21 (full 3):
 PSYoungGen      total 242688K, used 242335K [0x00000000e0000000, 0x00000000f1b80000, 0x0000000100000000)
  eden space 221696K, 100% used [0x00000000e0000000,0x00000000ed880000,0x00000000ed880000)
  from space 20992K, 98% used [0x00000000ee000000,0x00000000ef427fb8,0x00000000ef480000)
  to   space 34304K, 0% used [0x00000000efa00000,0x00000000efa00000,0x00000000f1b80000)
 ParOldGen       total 145920K, used 58124K [0x00000000a0000000, 0x00000000a8e80000, 0x00000000e0000000)
  object space 145920K, 39% used [0x00000000a0000000,0x00000000a38c31b0,0x00000000a8e80000)
 Metaspace       used 78051K, capacity 80962K, committed 81300K, reserved 1120256K
  class space    used 10119K, capacity 10817K, committed 10940K, reserved 1048576K
Event: 964.636 GC heap after
Heap after GC invocations=21 (full 3):
 PSYoungGen      total 257536K, used 17200K [0x00000000e0000000, 0x00000000f5c80000, 0x0000000100000000)
  eden space 223232K, 0% used [0x00000000e0000000,0x00000000e0000000,0x00000000eda00000)
  from space 34304K, 50% used [0x00000000efa00000,0x00000000f0acc288,0x00000000f1b80000)
  to   space 32768K, 0% used [0x00000000eda00000,0x00000000eda00000,0x00000000efa00000)
 ParOldGen       total 145920K, used 58140K [0x00000000a0000000, 0x00000000a8e80000, 0x00000000e0000000)
  object space 145920K, 39% used [0x00000000a0000000,0x00000000a38c71b0,0x00000000a8e80000)
 Metaspace       used 78051K, capacity 80962K, committed 81300K, reserved 1120256K
  class space    used 10119K, capacity 10817K, committed 10940K, reserved 1048576K
}
Event: 984.062 GC heap before
{Heap before GC invocations=22 (full 3):
 PSYoungGen      total 257536K, used 240432K [0x00000000e0000000, 0x00000000f5c80000, 0x0000000100000000)
  eden space 223232K, 100% used [0x00000000e0000000,0x00000000eda00000,0x00000000eda00000)
  from space 34304K, 50% used [0x00000000efa00000,0x00000000f0acc288,0x00000000f1b80000)
  to   space 32768K, 0% used [0x00000000eda00000,0x00000000eda00000,0x00000000efa00000)
 ParOldGen       total 145920K, used 58140K [0x00000000a0000000, 0x00000000a8e80000, 0x00000000e0000000)
  object space 145920K, 39% used [0x00000000a0000000,0x00000000a38c71b0,0x00000000a8e80000)
 Metaspace       used 81467K, capacity 84538K, committed 84628K, reserved 1122304K
  class space    used 10435K, capacity 11181K, committed 11196K, reserved 1048576K
Event: 984.236 GC heap after
Heap after GC invocations=22 (full 3):
 PSYoungGen      total 256000K, used 32759K [0x00000000e0000000, 0x00000000f5c80000, 0x0000000100000000)
  eden space 223232K, 0% used [0x00000000e0000000,0x00000000e0000000,0x00000000eda00000)
  from space 32768K, 99% used [0x00000000eda00000,0x00000000ef9fddf0,0x00000000efa00000)
  to   space 34304K, 0% used [0x00000000efa00000,0x00000000efa00000,0x00000000f1b80000)
 ParOldGen       total 145920K, used 91571K [0x00000000a0000000, 0x00000000a8e80000, 0x00000000e0000000)
  object space 145920K, 62% used [0x00000000a0000000,0x00000000a596ccf0,0x00000000a8e80000)
 Metaspace       used 81467K, capacity 84538K, committed 84628K, reserved 1122304K
  class space    used 10435K, capacity 11181K, committed 11196K, reserved 1048576K
}
Event: 985.974 GC heap before
{Heap before GC invocations=23 (full 3):
 PSYoungGen      total 256000K, used 255991K [0x00000000e0000000, 0x00000000f5c80000, 0x0000000100000000)
  eden space 223232K, 100% used [0x00000000e0000000,0x00000000eda00000,0x00000000eda00000)
  from space 32768K, 99% used [0x00000000eda00000,0x00000000ef9fddf0,0x00000000efa00000)
  to   space 34304K, 0% used [0x00000000efa00000,0x00000000efa00000,0x00000000f1b80000)
 ParOldGen       total 145920K, used 91571K [0x00000000a0000000, 0x00000000a8e80000, 0x00000000e0000000)
  object space 145920K, 62% used [0x00000000a0000000,0x00000000a596ccf0,0x00000000a8e80000)
 Metaspace       used 81665K, capacity 84730K, committed 84884K, reserved 1122304K
  class space    used 10438K, capacity 11181K, committed 11196K, reserved 1048576K
Event: 986.146 GC heap after
Heap after GC invocations=23 (full 3):
 PSYoungGen      total 257536K, used 34287K [0x00000000e0000000, 0x00000000f5c80000, 0x0000000100000000)
  eden space 223232K, 0% used [0x00000000e0000000,0x00000000e0000000,0x00000000eda00000)
  from space 34304K, 99% used [0x00000000efa00000,0x00000000f1b7bdf8,0x00000000f1b80000)
  to   space 32768K, 0% used [0x00000000eda00000,0x00000000eda00000,0x00000000efa00000)
 ParOldGen       total 150016K, used 149514K [0x00000000a0000000, 0x00000000a9280000, 0x00000000e0000000)
  object space 150016K, 99% used [0x00000000a0000000,0x00000000a92029d8,0x00000000a9280000)
 Metaspace       used 81665K, capacity 84730K, committed 84884K, reserved 1122304K
  class space    used 10438K, capacity 11181K, committed 11196K, reserved 1048576K
}
Event: 986.147 GC heap before
{Heap before GC invocations=24 (full 4):
 PSYoungGen      total 257536K, used 34287K [0x00000000e0000000, 0x00000000f5c80000, 0x0000000100000000)
  eden space 223232K, 0% used [0x00000000e0000000,0x00000000e0000000,0x00000000eda00000)
  from space 34304K, 99% used [0x00000000efa00000,0x00000000f1b7bdf8,0x00000000f1b80000)
  to   space 32768K, 0% used [0x00000000eda00000,0x00000000eda00000,0x00000000efa00000)
 ParOldGen       total 150016K, used 149514K [0x00000000a0000000, 0x00000000a9280000, 0x00000000e0000000)
  object space 150016K, 99% used [0x00000000a0000000,0x00000000a92029d8,0x00000000a9280000)
 Metaspace       used 81665K, capacity 84730K, committed 84884K, reserved 1122304K
  class space    used 10438K, capacity 11181K, committed 11196K, reserved 1048576K
Event: 988.541 GC heap after
Heap after GC invocations=24 (full 4):
 PSYoungGen      total 257536K, used 0K [0x00000000e0000000, 0x00000000f5c80000, 0x0000000100000000)
  eden space 223232K, 0% used [0x00000000e0000000,0x00000000e0000000,0x00000000eda00000)
  from space 34304K, 0% used [0x00000000efa00000,0x00000000efa00000,0x00000000f1b80000)
  to   space 32768K, 0% used [0x00000000eda00000,0x00000000eda00000,0x00000000efa00000)
 ParOldGen       total 150016K, used 124442K [0x00000000a0000000, 0x00000000a9280000, 0x00000000e0000000)
  object space 150016K, 82% used [0x00000000a0000000,0x00000000a7986a70,0x00000000a9280000)
 Metaspace       used 81567K, capacity 84562K, committed 84884K, reserved 1122304K
  class space    used 10424K, capacity 11131K, committed 11196K, reserved 1048576K
}

