# JRE version: OpenJDK Runtime Environment (8.0_112-b06) (build 1.8.0_112-release-b06)
# Java VM: OpenJDK 64-Bit Server VM (25.112-b06 mixed mode windows-amd64 compressed oops)
Heap:
 PSYoungGen      total 180224K, used 76582K [0x00000000e0000000, 0x00000000ef300000, 0x0000000100000000)
  eden space 168448K, 38% used [0x00000000e0000000,0x00000000e3f4c498,0x00000000ea480000)
  from space 11776K, 99% used [0x00000000ea480000,0x00000000eaffd550,0x00000000eb000000)
  to   space 14336K, 0% used [0x00000000ee500000,0x00000000ee500000,0x00000000ef300000)
 ParOldGen       total 57344K, used 20219K [0x00000000a0000000, 0x00000000a3800000, 0x00000000e0000000)
  object space 57344K, 35% used [0x00000000a0000000,0x00000000a13bece0,0x00000000a3800000)
 Metaspace       used 50148K, capacity 51642K, committed 51800K, reserved 1093632K
  class space    used 6835K, capacity 7226K, committed 7296K, reserved 1048576K
GC Heap History (10 events):
Event: 6.877 GC heap before
{Heap before GC invocations=7 (full 1):
 PSYoungGen      total 67072K, used 61952K [0x00000000e0000000, 0x00000000e8d00000, 0x0000000100000000)
  eden space 61952K, 100% used [0x00000000e0000000,0x00000000e3c80000,0x00000000e3c80000)
  from space 5120K, 0% used [0x00000000e3c80000,0x00000000e3c80000,0x00000000e4180000)
  to   space 10240K, 0% used [0x00000000e8300000,0x00000000e8300000,0x00000000e8d00000)
 ParOldGen       total 57344K, used 8310K [0x00000000a0000000, 0x00000000a3800000, 0x00000000e0000000)
  object space 57344K, 14% used [0x00000000a0000000,0x00000000a081db60,0x00000000a3800000)
 Metaspace       used 25430K, capacity 25928K, committed 26240K, reserved 1071104K
  class space    used 3529K, capacity 3683K, committed 3712K, reserved 1048576K
Event: 6.892 GC heap after
Heap after GC invocations=7 (full 1):
 PSYoungGen      total 110592K, used 7213K [0x00000000e0000000, 0x00000000e8a80000, 0x0000000100000000)
  eden space 102912K, 0% used [0x00000000e0000000,0x00000000e0000000,0x00000000e6480000)
  from space 7680K, 93% used [0x00000000e8300000,0x00000000e8a0b668,0x00000000e8a80000)
  to   space 9728K, 0% used [0x00000000e7780000,0x00000000e7780000,0x00000000e8100000)
 ParOldGen       total 57344K, used 8318K [0x00000000a0000000, 0x00000000a3800000, 0x00000000e0000000)
  object space 57344K, 14% used [0x00000000a0000000,0x00000000a081fb60,0x00000000a3800000)
 Metaspace       used 25430K, capacity 25928K, committed 26240K, reserved 1071104K
  class space    used 3529K, capacity 3683K, committed 3712K, reserved 1048576K
}
Event: 8.373 GC heap before
{Heap before GC invocations=8 (full 1):
 PSYoungGen      total 110592K, used 110125K [0x00000000e0000000, 0x00000000e8a80000, 0x0000000100000000)
  eden space 102912K, 100% used [0x00000000e0000000,0x00000000e6480000,0x00000000e6480000)
  from space 7680K, 93% used [0x00000000e8300000,0x00000000e8a0b668,0x00000000e8a80000)
  to   space 9728K, 0% used [0x00000000e7780000,0x00000000e7780000,0x00000000e8100000)
 ParOldGen       total 57344K, used 8318K [0x00000000a0000000, 0x00000000a3800000, 0x00000000e0000000)
  object space 57344K, 14% used [0x00000000a0000000,0x00000000a081fb60,0x00000000a3800000)
 Metaspace       used 31412K, capacity 31960K, committed 32128K, reserved 1077248K
  class space    used 4260K, capacity 4433K, committed 4480K, reserved 1048576K
Event: 8.389 GC heap after
Heap after GC invocations=8 (full 1):
 PSYoungGen      total 132096K, used 9464K [0x00000000e0000000, 0x00000000eba80000, 0x0000000100000000)
  eden space 122368K, 0% used [0x00000000e0000000,0x00000000e0000000,0x00000000e7780000)
  from space 9728K, 97% used [0x00000000e7780000,0x00000000e80be198,0x00000000e8100000)
  to   space 10752K, 0% used [0x00000000eb000000,0x00000000eb000000,0x00000000eba80000)
 ParOldGen       total 57344K, used 8326K [0x00000000a0000000, 0x00000000a3800000, 0x00000000e0000000)
  object space 57344K, 14% used [0x00000000a0000000,0x00000000a0821b60,0x00000000a3800000)
 Metaspace       used 31412K, capacity 31960K, committed 32128K, reserved 1077248K
  class space    used 4260K, capacity 4433K, committed 4480K, reserved 1048576K
}
Event: 9.203 GC heap before
{Heap before GC invocations=9 (full 1):
 PSYoungGen      total 132096K, used 43363K [0x00000000e0000000, 0x00000000eba80000, 0x0000000100000000)
  eden space 122368K, 27% used [0x00000000e0000000,0x00000000e211ac98,0x00000000e7780000)
  from space 9728K, 97% used [0x00000000e7780000,0x00000000e80be198,0x00000000e8100000)
  to   space 10752K, 0% used [0x00000000eb000000,0x00000000eb000000,0x00000000eba80000)
 ParOldGen       total 57344K, used 8326K [0x00000000a0000000, 0x00000000a3800000, 0x00000000e0000000)
  object space 57344K, 14% used [0x00000000a0000000,0x00000000a0821b60,0x00000000a3800000)
 Metaspace       used 34777K, capacity 35340K, committed 35416K, reserved 1079296K
  class space    used 4711K, capacity 4925K, committed 4992K, reserved 1048576K
Event: 9.258 GC heap after
Heap after GC invocations=9 (full 1):
 PSYoungGen      total 179200K, used 9950K [0x00000000e0000000, 0x00000000eeb80000, 0x0000000100000000)
  eden space 168448K, 0% used [0x00000000e0000000,0x00000000e0000000,0x00000000ea480000)
  from space 10752K, 92% used [0x00000000eb000000,0x00000000eb9b7840,0x00000000eba80000)
  to   space 11776K, 0% used [0x00000000ea480000,0x00000000ea480000,0x00000000eb000000)
 ParOldGen       total 57344K, used 8398K [0x00000000a0000000, 0x00000000a3800000, 0x00000000e0000000)
  object space 57344K, 14% used [0x00000000a0000000,0x00000000a0833b70,0x00000000a3800000)
 Metaspace       used 34777K, capacity 35340K, committed 35416K, reserved 1079296K
  class space    used 4711K, capacity 4925K, committed 4992K, reserved 1048576K
}
Event: 9.258 GC heap before
{Heap before GC invocations=10 (full 2):
 PSYoungGen      total 179200K, used 9950K [0x00000000e0000000, 0x00000000eeb80000, 0x0000000100000000)
  eden space 168448K, 0% used [0x00000000e0000000,0x00000000e0000000,0x00000000ea480000)
  from space 10752K, 92% used [0x00000000eb000000,0x00000000eb9b7840,0x00000000eba80000)
  to   space 11776K, 0% used [0x00000000ea480000,0x00000000ea480000,0x00000000eb000000)
 ParOldGen       total 57344K, used 8398K [0x00000000a0000000, 0x00000000a3800000, 0x00000000e0000000)
  object space 57344K, 14% used [0x00000000a0000000,0x00000000a0833b70,0x00000000a3800000)
 Metaspace       used 34777K, capacity 35340K, committed 35416K, reserved 1079296K
  class space    used 4711K, capacity 4925K, committed 4992K, reserved 1048576K
Event: 9.380 GC heap after
Heap after GC invocations=10 (full 2):
 PSYoungGen      total 179200K, used 0K [0x00000000e0000000, 0x00000000eeb80000, 0x0000000100000000)
  eden space 168448K, 0% used [0x00000000e0000000,0x00000000e0000000,0x00000000ea480000)
  from space 10752K, 0% used [0x00000000eb000000,0x00000000eb000000,0x00000000eba80000)
  to   space 11776K, 0% used [0x00000000ea480000,0x00000000ea480000,0x00000000eb000000)
 ParOldGen       total 57344K, used 16646K [0x00000000a0000000, 0x00000000a3800000, 0x00000000e0000000)
  object space 57344K, 29% used [0x00000000a0000000,0x00000000a1041948,0x00000000a3800000)
 Metaspace       used 34777K, capacity 35340K, committed 35416K, reserved 1079296K
  class space    used 4711K, capacity 4925K, committed 4992K, reserved 1048576K
}
Event: 12.299 GC heap before
{Heap before GC invocations=11 (full 2):
 PSYoungGen      total 179200K, used 168448K [0x00000000e0000000, 0x00000000eeb80000, 0x0000000100000000)
  eden space 168448K, 100% used [0x00000000e0000000,0x00000000ea480000,0x00000000ea480000)
  from space 10752K, 0% used [0x00000000eb000000,0x00000000eb000000,0x00000000eba80000)
  to   space 11776K, 0% used [0x00000000ea480000,0x00000000ea480000,0x00000000eb000000)
 ParOldGen       total 57344K, used 16646K [0x00000000a0000000, 0x00000000a3800000, 0x00000000e0000000)
  object space 57344K, 29% used [0x00000000a0000000,0x00000000a1041948,0x00000000a3800000)
 Metaspace       used 47039K, capacity 48008K, committed 48088K, reserved 1091584K
  class space    used 6315K, capacity 6581K, committed 6656K, reserved 1048576K
Event: 12.316 GC heap after
Heap after GC invocations=11 (full 2):
 PSYoungGen      total 180224K, used 11765K [0x00000000e0000000, 0x00000000ef300000, 0x0000000100000000)
  eden space 168448K, 0% used [0x00000000e0000000,0x00000000e0000000,0x00000000ea480000)
  from space 11776K, 99% used [0x00000000ea480000,0x00000000eaffd550,0x00000000eb000000)
  to   space 14336K, 0% used [0x00000000ee500000,0x00000000ee500000,0x00000000ef300000)
 ParOldGen       total 57344K, used 20219K [0x00000000a0000000, 0x00000000a3800000, 0x00000000e0000000)
  object space 57344K, 35% used [0x00000000a0000000,0x00000000a13bece0,0x00000000a3800000)
 Metaspace       used 47039K, capacity 48008K, committed 48088K, reserved 1091584K
  class space    used 6315K, capacity 6581K, committed 6656K, reserved 1048576K
}

