# JRE version: OpenJDK Runtime Environment (8.0_112-b06) (build 1.8.0_112-release-b06)
# Java VM: OpenJDK 64-Bit Server VM (25.112-b06 mixed mode windows-amd64 compressed oops)
Heap:
 PSYoungGen      total 213504K, used 148240K [0x00000000e0000000, 0x00000000ee300000, 0x0000000100000000)
  eden space 194560K, 76% used [0x00000000e0000000,0x00000000e90c43a0,0x00000000ebe00000)
  from space 18944K, 0% used [0x00000000ebe00000,0x00000000ebe00000,0x00000000ed080000)
  to   space 13824K, 0% used [0x00000000ed080000,0x00000000ed080000,0x00000000ede00000)
 ParOldGen       total 91648K, used 83465K [0x00000000a0000000, 0x00000000a5980000, 0x00000000e0000000)
  object space 91648K, 91% used [0x00000000a0000000,0x00000000a5182730,0x00000000a5980000)
 Metaspace       used 58293K, capacity 60096K, committed 60248K, reserved 1101824K
  class space    used 7758K, capacity 8215K, committed 8320K, reserved 1048576K
GC Heap History (10 events):
Event: 30.510 GC heap before
{Heap before GC invocations=20 (full 7):
 PSYoungGen      total 213504K, used 18917K [0x00000000e0000000, 0x00000000ee300000, 0x0000000100000000)
  eden space 194560K, 0% used [0x00000000e0000000,0x00000000e0000000,0x00000000ebe00000)
  from space 18944K, 99% used [0x00000000ebe00000,0x00000000ed079488,0x00000000ed080000)
  to   space 13824K, 0% used [0x00000000ed080000,0x00000000ed080000,0x00000000ede00000)
 ParOldGen       total 91648K, used 88262K [0x00000000a0000000, 0x00000000a5980000, 0x00000000e0000000)
  object space 91648K, 96% used [0x00000000a0000000,0x00000000a5631a10,0x00000000a5980000)
 Metaspace       used 57815K, capacity 59618K, committed 59864K, reserved 1101824K
  class space    used 7700K, capacity 8142K, committed 8192K, reserved 1048576K
Event: 30.929 GC heap after
Heap after GC invocations=20 (full 7):
 PSYoungGen      total 213504K, used 0K [0x00000000e0000000, 0x00000000ee300000, 0x0000000100000000)
  eden space 194560K, 0% used [0x00000000e0000000,0x00000000e0000000,0x00000000ebe00000)
  from space 18944K, 0% used [0x00000000ebe00000,0x00000000ebe00000,0x00000000ed080000)
  to   space 13824K, 0% used [0x00000000ed080000,0x00000000ed080000,0x00000000ede00000)
 ParOldGen       total 91648K, used 75934K [0x00000000a0000000, 0x00000000a5980000, 0x00000000e0000000)
  object space 91648K, 82% used [0x00000000a0000000,0x00000000a4a27be0,0x00000000a5980000)
 Metaspace       used 57815K, capacity 59618K, committed 59864K, reserved 1101824K
  class space    used 7700K, capacity 8142K, committed 8192K, reserved 1048576K
}
Event: 31.529 GC heap before
{Heap before GC invocations=21 (full 8):
 PSYoungGen      total 213504K, used 194560K [0x00000000e0000000, 0x00000000ee300000, 0x0000000100000000)
  eden space 194560K, 100% used [0x00000000e0000000,0x00000000ebe00000,0x00000000ebe00000)
  from space 18944K, 0% used [0x00000000ebe00000,0x00000000ebe00000,0x00000000ed080000)
  to   space 13824K, 0% used [0x00000000ed080000,0x00000000ed080000,0x00000000ede00000)
 ParOldGen       total 91648K, used 75934K [0x00000000a0000000, 0x00000000a5980000, 0x00000000e0000000)
  object space 91648K, 82% used [0x00000000a0000000,0x00000000a4a27be0,0x00000000a5980000)
 Metaspace       used 57841K, capacity 59618K, committed 59864K, reserved 1101824K
  class space    used 7700K, capacity 8142K, committed 8192K, reserved 1048576K
Event: 33.906 GC heap after
Heap after GC invocations=21 (full 8):
 PSYoungGen      total 213504K, used 6154K [0x00000000e0000000, 0x00000000ee300000, 0x0000000100000000)
  eden space 194560K, 3% used [0x00000000e0000000,0x00000000e0602980,0x00000000ebe00000)
  from space 18944K, 0% used [0x00000000ebe00000,0x00000000ebe00000,0x00000000ed080000)
  to   space 13824K, 0% used [0x00000000ed080000,0x00000000ed080000,0x00000000ede00000)
 ParOldGen       total 91648K, used 91596K [0x00000000a0000000, 0x00000000a5980000, 0x00000000e0000000)
  object space 91648K, 99% used [0x00000000a0000000,0x00000000a5973090,0x00000000a5980000)
 Metaspace       used 57841K, capacity 59618K, committed 59864K, reserved 1101824K
  class space    used 7700K, capacity 8142K, committed 8192K, reserved 1048576K
}
Event: 34.801 GC heap before
{Heap before GC invocations=22 (full 9):
 PSYoungGen      total 213504K, used 194560K [0x00000000e0000000, 0x00000000ee300000, 0x0000000100000000)
  eden space 194560K, 100% used [0x00000000e0000000,0x00000000ebe00000,0x00000000ebe00000)
  from space 18944K, 0% used [0x00000000ebe00000,0x00000000ebe00000,0x00000000ed080000)
  to   space 13824K, 0% used [0x00000000ed080000,0x00000000ed080000,0x00000000ede00000)
 ParOldGen       total 91648K, used 91596K [0x00000000a0000000, 0x00000000a5980000, 0x00000000e0000000)
  object space 91648K, 99% used [0x00000000a0000000,0x00000000a5973090,0x00000000a5980000)
 Metaspace       used 57854K, capacity 59618K, committed 59864K, reserved 1101824K
  class space    used 7700K, capacity 8142K, committed 8192K, reserved 1048576K
Event: 35.591 GC heap after
Heap after GC invocations=22 (full 9):
 PSYoungGen      total 213504K, used 17724K [0x00000000e0000000, 0x00000000ee300000, 0x0000000100000000)
  eden space 194560K, 9% used [0x00000000e0000000,0x00000000e114f030,0x00000000ebe00000)
  from space 18944K, 0% used [0x00000000ebe00000,0x00000000ebe00000,0x00000000ed080000)
  to   space 13824K, 0% used [0x00000000ed080000,0x00000000ed080000,0x00000000ede00000)
 ParOldGen       total 91648K, used 91591K [0x00000000a0000000, 0x00000000a5980000, 0x00000000e0000000)
  object space 91648K, 99% used [0x00000000a0000000,0x00000000a5971cc8,0x00000000a5980000)
 Metaspace       used 57854K, capacity 59618K, committed 59864K, reserved 1101824K
  class space    used 7700K, capacity 8142K, committed 8192K, reserved 1048576K
}
Event: 36.263 GC heap before
{Heap before GC invocations=23 (full 10):
 PSYoungGen      total 213504K, used 194560K [0x00000000e0000000, 0x00000000ee300000, 0x0000000100000000)
  eden space 194560K, 100% used [0x00000000e0000000,0x00000000ebe00000,0x00000000ebe00000)
  from space 18944K, 0% used [0x00000000ebe00000,0x00000000ebe00000,0x00000000ed080000)
  to   space 13824K, 0% used [0x00000000ed080000,0x00000000ed080000,0x00000000ede00000)
 ParOldGen       total 91648K, used 91591K [0x00000000a0000000, 0x00000000a5980000, 0x00000000e0000000)
  object space 91648K, 99% used [0x00000000a0000000,0x00000000a5971cc8,0x00000000a5980000)
 Metaspace       used 57895K, capacity 59682K, committed 59864K, reserved 1101824K
  class space    used 7700K, capacity 8142K, committed 8192K, reserved 1048576K
Event: 37.244 GC heap after
Heap after GC invocations=23 (full 10):
 PSYoungGen      total 213504K, used 29930K [0x00000000e0000000, 0x00000000ee300000, 0x0000000100000000)
  eden space 194560K, 15% used [0x00000000e0000000,0x00000000e1d3a8c0,0x00000000ebe00000)
  from space 18944K, 0% used [0x00000000ebe00000,0x00000000ebe00000,0x00000000ed080000)
  to   space 13824K, 0% used [0x00000000ed080000,0x00000000ed080000,0x00000000ede00000)
 ParOldGen       total 91648K, used 91598K [0x00000000a0000000, 0x00000000a5980000, 0x00000000e0000000)
  object space 91648K, 99% used [0x00000000a0000000,0x00000000a5973830,0x00000000a5980000)
 Metaspace       used 57895K, capacity 59682K, committed 59864K, reserved 1101824K
  class space    used 7700K, capacity 8142K, committed 8192K, reserved 1048576K
}
Event: 38.078 GC heap before
{Heap before GC invocations=24 (full 11):
 PSYoungGen      total 213504K, used 194560K [0x00000000e0000000, 0x00000000ee300000, 0x0000000100000000)
  eden space 194560K, 100% used [0x00000000e0000000,0x00000000ebe00000,0x00000000ebe00000)
  from space 18944K, 0% used [0x00000000ebe00000,0x00000000ebe00000,0x00000000ed080000)
  to   space 13824K, 0% used [0x00000000ed080000,0x00000000ed080000,0x00000000ede00000)
 ParOldGen       total 91648K, used 91598K [0x00000000a0000000, 0x00000000a5980000, 0x00000000e0000000)
  object space 91648K, 99% used [0x00000000a0000000,0x00000000a5973830,0x00000000a5980000)
 Metaspace       used 57932K, capacity 59746K, committed 59864K, reserved 1101824K
  class space    used 7700K, capacity 8142K, committed 8192K, reserved 1048576K
Event: 38.787 GC heap after
Heap after GC invocations=24 (full 11):
 PSYoungGen      total 213504K, used 0K [0x00000000e0000000, 0x00000000ee300000, 0x0000000100000000)
  eden space 194560K, 0% used [0x00000000e0000000,0x00000000e0000000,0x00000000ebe00000)
  from space 18944K, 0% used [0x00000000ebe00000,0x00000000ebe00000,0x00000000ed080000)
  to   space 13824K, 0% used [0x00000000ed080000,0x00000000ed080000,0x00000000ede00000)
 ParOldGen       total 91648K, used 83465K [0x00000000a0000000, 0x00000000a5980000, 0x00000000e0000000)
  object space 91648K, 91% used [0x00000000a0000000,0x00000000a5182730,0x00000000a5980000)
 Metaspace       used 57932K, capacity 59746K, committed 59864K, reserved 1101824K
  class space    used 7700K, capacity 8142K, committed 8192K, reserved 1048576K
}

